# JRE version: OpenJDK Runtime Environment (8.0_202-b03) (build 1.8.0_202-release-1483-b03)
# Java VM: OpenJDK 64-Bit Server VM (25.202-b03 mixed mode windows-amd64 compressed oops)
Heap:
 PSYoungGen      total 141824K, used 78209K [0x00000000e0000000, 0x00000000ea280000, 0x0000000100000000)
  eden space 130048K, 51% used [0x00000000e0000000,0x00000000e40e1698,0x00000000e7f00000)
  from space 11776K, 99% used [0x00000000e9700000,0x00000000ea27eea0,0x00000000ea280000)
  to   space 13824K, 0% used [0x00000000e8780000,0x00000000e8780000,0x00000000e9500000)
 ParOldGen       total 96256K, used 19981K [0x00000000a0000000, 0x00000000a5e00000, 0x00000000e0000000)
  object space 96256K, 20% used [0x00000000a0000000,0x00000000a13837d0,0x00000000a5e00000)
 Metaspace       used 46146K, capacity 47318K, committed 47528K, reserved 1089536K
  class space    used 6225K, capacity 6530K, committed 6568K, reserved 1048576K
GC Heap History (10 events):
Event: 4.400 GC heap before
{Heap before GC invocations=8 (full 1):
 PSYoungGen      total 76288K, used 66560K [0x00000000e0000000, 0x00000000e5500000, 0x0000000100000000)
  eden space 66560K, 100% used [0x00000000e0000000,0x00000000e4100000,0x00000000e4100000)
  from space 9728K, 0% used [0x00000000e4b80000,0x00000000e4b80000,0x00000000e5500000)
  to   space 10240K, 0% used [0x00000000e4100000,0x00000000e4100000,0x00000000e4b00000)
 ParOldGen       total 60928K, used 8940K [0x00000000a0000000, 0x00000000a3b80000, 0x00000000e0000000)
  object space 60928K, 14% used [0x00000000a0000000,0x00000000a08bb398,0x00000000a3b80000)
 Metaspace       used 29112K, capacity 29700K, committed 30080K, reserved 1075200K
  class space    used 3929K, capacity 4102K, committed 4224K, reserved 1048576K
Event: 4.410 GC heap after
Heap after GC invocations=8 (full 1):
 PSYoungGen      total 76800K, used 8153K [0x00000000e0000000, 0x00000000e7b80000, 0x0000000100000000)
  eden space 66560K, 0% used [0x00000000e0000000,0x00000000e0000000,0x00000000e4100000)
  from space 10240K, 79% used [0x00000000e4100000,0x00000000e48f65f0,0x00000000e4b00000)
  to   space 10752K, 0% used [0x00000000e7100000,0x00000000e7100000,0x00000000e7b80000)
 ParOldGen       total 60928K, used 8948K [0x00000000a0000000, 0x00000000a3b80000, 0x00000000e0000000)
  object space 60928K, 14% used [0x00000000a0000000,0x00000000a08bd398,0x00000000a3b80000)
 Metaspace       used 29112K, capacity 29700K, committed 30080K, reserved 1075200K
  class space    used 3929K, capacity 4102K, committed 4224K, reserved 1048576K
}
Event: 5.206 GC heap before
{Heap before GC invocations=9 (full 1):
 PSYoungGen      total 76800K, used 74713K [0x00000000e0000000, 0x00000000e7b80000, 0x0000000100000000)
  eden space 66560K, 100% used [0x00000000e0000000,0x00000000e4100000,0x00000000e4100000)
  from space 10240K, 79% used [0x00000000e4100000,0x00000000e48f65f0,0x00000000e4b00000)
  to   space 10752K, 0% used [0x00000000e7100000,0x00000000e7100000,0x00000000e7b80000)
 ParOldGen       total 60928K, used 8948K [0x00000000a0000000, 0x00000000a3b80000, 0x00000000e0000000)
  object space 60928K, 14% used [0x00000000a0000000,0x00000000a08bd398,0x00000000a3b80000)
 Metaspace       used 32177K, capacity 32898K, committed 33152K, reserved 1077248K
  class space    used 4433K, capacity 4656K, committed 4736K, reserved 1048576K
Event: 5.231 GC heap after
Heap after GC invocations=9 (full 1):
 PSYoungGen      total 115712K, used 8534K [0x00000000e0000000, 0x00000000e7f00000, 0x0000000100000000)
  eden space 104960K, 0% used [0x00000000e0000000,0x00000000e0000000,0x00000000e6680000)
  from space 10752K, 79% used [0x00000000e7100000,0x00000000e7955980,0x00000000e7b80000)
  to   space 10752K, 0% used [0x00000000e6680000,0x00000000e6680000,0x00000000e7100000)
 ParOldGen       total 60928K, used 8956K [0x00000000a0000000, 0x00000000a3b80000, 0x00000000e0000000)
  object space 60928K, 14% used [0x00000000a0000000,0x00000000a08bf398,0x00000000a3b80000)
 Metaspace       used 32177K, capacity 32898K, committed 33152K, reserved 1077248K
  class space    used 4433K, capacity 4656K, committed 4736K, reserved 1048576K
}
Event: 6.014 GC heap before
{Heap before GC invocations=10 (full 1):
 PSYoungGen      total 115712K, used 55884K [0x00000000e0000000, 0x00000000e7f00000, 0x0000000100000000)
  eden space 104960K, 45% used [0x00000000e0000000,0x00000000e2e3d988,0x00000000e6680000)
  from space 10752K, 79% used [0x00000000e7100000,0x00000000e7955980,0x00000000e7b80000)
  to   space 10752K, 0% used [0x00000000e6680000,0x00000000e6680000,0x00000000e7100000)
 ParOldGen       total 60928K, used 8956K [0x00000000a0000000, 0x00000000a3b80000, 0x00000000e0000000)
  object space 60928K, 14% used [0x00000000a0000000,0x00000000a08bf398,0x00000000a3b80000)
 Metaspace       used 34534K, capacity 35410K, committed 35496K, reserved 1079296K
  class space    used 4755K, capacity 4996K, committed 5032K, reserved 1048576K
Event: 6.022 GC heap after
Heap after GC invocations=10 (full 1):
 PSYoungGen      total 115712K, used 10707K [0x00000000e0000000, 0x00000000ea280000, 0x0000000100000000)
  eden space 104960K, 0% used [0x00000000e0000000,0x00000000e0000000,0x00000000e6680000)
  from space 10752K, 99% used [0x00000000e6680000,0x00000000e70f4d08,0x00000000e7100000)
  to   space 11776K, 0% used [0x00000000e9700000,0x00000000e9700000,0x00000000ea280000)
 ParOldGen       total 60928K, used 8964K [0x00000000a0000000, 0x00000000a3b80000, 0x00000000e0000000)
  object space 60928K, 14% used [0x00000000a0000000,0x00000000a08c1398,0x00000000a3b80000)
 Metaspace       used 34534K, capacity 35410K, committed 35496K, reserved 1079296K
  class space    used 4755K, capacity 4996K, committed 5032K, reserved 1048576K
}
Event: 6.022 GC heap before
{Heap before GC invocations=11 (full 2):
 PSYoungGen      total 115712K, used 10707K [0x00000000e0000000, 0x00000000ea280000, 0x0000000100000000)
  eden space 104960K, 0% used [0x00000000e0000000,0x00000000e0000000,0x00000000e6680000)
  from space 10752K, 99% used [0x00000000e6680000,0x00000000e70f4d08,0x00000000e7100000)
  to   space 11776K, 0% used [0x00000000e9700000,0x00000000e9700000,0x00000000ea280000)
 ParOldGen       total 60928K, used 8964K [0x00000000a0000000, 0x00000000a3b80000, 0x00000000e0000000)
  object space 60928K, 14% used [0x00000000a0000000,0x00000000a08c1398,0x00000000a3b80000)
 Metaspace       used 34534K, capacity 35410K, committed 35496K, reserved 1079296K
  class space    used 4755K, capacity 4996K, committed 5032K, reserved 1048576K
Event: 6.115 GC heap after
Heap after GC invocations=11 (full 2):
 PSYoungGen      total 115712K, used 0K [0x00000000e0000000, 0x00000000ea280000, 0x0000000100000000)
  eden space 104960K, 0% used [0x00000000e0000000,0x00000000e0000000,0x00000000e6680000)
  from space 10752K, 0% used [0x00000000e6680000,0x00000000e6680000,0x00000000e7100000)
  to   space 11776K, 0% used [0x00000000e9700000,0x00000000e9700000,0x00000000ea280000)
 ParOldGen       total 96256K, used 17804K [0x00000000a0000000, 0x00000000a5e00000, 0x00000000e0000000)
  object space 96256K, 18% used [0x00000000a0000000,0x00000000a11632a8,0x00000000a5e00000)
 Metaspace       used 34507K, capacity 35320K, committed 35496K, reserved 1079296K
  class space    used 4746K, capacity 4981K, committed 5032K, reserved 1048576K
}
Event: 7.755 GC heap before
{Heap before GC invocations=12 (full 2):
 PSYoungGen      total 115712K, used 104960K [0x00000000e0000000, 0x00000000ea280000, 0x0000000100000000)
  eden space 104960K, 100% used [0x00000000e0000000,0x00000000e6680000,0x00000000e6680000)
  from space 10752K, 0% used [0x00000000e6680000,0x00000000e6680000,0x00000000e7100000)
  to   space 11776K, 0% used [0x00000000e9700000,0x00000000e9700000,0x00000000ea280000)
 ParOldGen       total 96256K, used 17804K [0x00000000a0000000, 0x00000000a5e00000, 0x00000000e0000000)
  object space 96256K, 18% used [0x00000000a0000000,0x00000000a11632a8,0x00000000a5e00000)
 Metaspace       used 45171K, capacity 46204K, committed 46632K, reserved 1089536K
  class space    used 6057K, capacity 6366K, committed 6440K, reserved 1048576K
Event: 7.771 GC heap after
Heap after GC invocations=12 (full 2):
 PSYoungGen      total 141824K, used 11771K [0x00000000e0000000, 0x00000000ea280000, 0x0000000100000000)
  eden space 130048K, 0% used [0x00000000e0000000,0x00000000e0000000,0x00000000e7f00000)
  from space 11776K, 99% used [0x00000000e9700000,0x00000000ea27eea0,0x00000000ea280000)
  to   space 13824K, 0% used [0x00000000e8780000,0x00000000e8780000,0x00000000e9500000)
 ParOldGen       total 96256K, used 19981K [0x00000000a0000000, 0x00000000a5e00000, 0x00000000e0000000)
  object space 96256K, 20% used [0x00000000a0000000,0x00000000a13837d0,0x00000000a5e00000)
 Metaspace       used 45171K, capacity 46204K, committed 46632K, reserved 1089536K
  class space    used 6057K, capacity 6366K, committed 6440K, reserved 1048576K
}

